## 실행계획 확인
### PLAN_TABLE 생성
10g 버전부터는 별도로 plan_table을 만들 필요가 없다.
```oracle-sql
SELECT owner, synonym_name, table_owner, table_name
FROM all_synonyms
WHERE synonym_name = 'PLAN_TABLE';
```
### SQL *Plus에서 실행계획 확인
SQL *Plus에서 아래와 같이 explain plan 명령어를 수행하면 SQL 실행계획이 plan_table에 저장된다.
```oracle-sql
SQL> explain plan for
  2  select * from emp where empno = 7900;

해석되었습니다.
```
참고로 `utlxpls.sql` 저장 경로는 /opt/oracle/product/19c/dbhome_1/rdbms/admin/utlxplan.sql
```oracle-sql
SQL> @?/rdbms/admin/utlxpls

PLAN_TABLE_OUTPUT
--------------------------------------------------------------------------------------------------------------------------------------------------------------------------------------------------------
Plan hash value: 2949544139

--------------------------------------------------------------------------------------
| Id  | Operation                   | Name   | Rows  | Bytes | Cost (%CPU)| Time     |
--------------------------------------------------------------------------------------
|   0 | SELECT STATEMENT            |        |     1 |    87 |     1   (0)| 00:00:01 |
|   1 |  TABLE ACCESS BY INDEX ROWID| EMP    |     1 |    87 |     1   (0)| 00:00:01 |
|*  2 |   INDEX UNIQUE SCAN         | PK_EMP |     1 |       |     1   (0)| 00:00:01 |
--------------------------------------------------------------------------------------

Predicate Information (identified by operation id):

PLAN_TABLE_OUTPUT
--------------------------------------------------------------------------------------------------------------------------------------------------------------------------------------------------------

   2 - access("EMPNO"=7900)
```
